<?xml version="1.0" encoding="UTF-8"?>
<!-- Generated by org.testng.reporters.JUnitReportReporter -->
<testsuite hostname="DESKTOP-BN58AHQ" failures="0" tests="1" name="saifulsahim.Test.StandAloneTest" time="17.983" errors="0" timestamp="2025-09-23T23:14:59 GMT+06:00" skipped="0">
  <testcase classname="saifulsahim.Test.StandAloneTest" name="submitOrder" time="17.983"/>
</testsuite> <!-- saifulsahim.Test.StandAloneTest -->
